CPU info:
Architektura:          x86_64
Operační režim(y) CPU:32-bit, 64-bit
Pořadí bajtů:       Little Endian
Počet CPU:            4
Seznam zapnutých CPU: 0-3
Vláken na jádro:     2
Jader na patici:       2
Patic:                 1
Uzly NUMA:             1
ID výrobce:           GenuineIntel
Rodina CPU:            6
Model:                 58
Název modelu:         Intel(R) Core(TM) i7-3520M CPU @ 2.90GHz
Stepping:              9
CPU MHz:               3400.030
CPU max. MHz:          3600,0000
CPU min. MHz:          1200,0000
BogoMIPS:              5786.62
Virtualizace:          VT-x
L1d keš:              32K
L1i keš:              32K
L2 keš:               256K
L3 keš:               4096K
CPU NUMA uzlu 0:       0-3
Příznaky:            fpu vme de pse tsc msr pae mce cx8 apic sep mtrr pge mca cmov pat pse36 clflush dts acpi mmx fxsr sse sse2 ss ht tm pbe syscall nx rdtscp lm constant_tsc arch_perfmon pebs bts rep_good nopl xtopology nonstop_tsc aperfmperf pni pclmulqdq dtes64 monitor ds_cpl vmx smx est tm2 ssse3 cx16 xtpr pdcm pcid sse4_1 sse4_2 x2apic popcnt tsc_deadline_timer aes xsave avx f16c rdrand lahf_lm epb tpr_shadow vnmi flexpriority ept vpid fsgsbase smep erms xsaveopt dtherm ida arat pln pts


Memory:
              total        used        free      shared  buff/cache   available
Mem:        7847956     1797900     3035788      425812     3014268     5117180
Swap:       8388604     2365972     6022632


Storage:
Souborový systém                      Velikost Užito Volno Uži% Připojeno do
/dev/mapper/fedora_dhcp--29--242-root      81G   67G   14G  84% /
