2017-06-01 16:16:25,993 - Mock Version: 1.3.4
2017-06-01 16:16:26,151 - Start: dnf install
2017-06-01 16:17:18,672 - Finish: dnf install
2017-06-01 16:17:19,119 - Start: creating root cache
2017-06-01 16:17:31,078 - Finish: creating root cache
2017-06-01 16:17:31,084 - Finish: chroot init
2017-06-01 16:17:31,233 - Start: buildsrpm
2017-06-01 16:17:35,999 - Start: rpmbuild -bs
2017-06-01 16:17:36,249 - Finish: rpmbuild -bs
2017-06-01 16:17:36,257 - Finish: buildsrpm
2017-06-01 16:17:36,258 - Start: clean chroot
2017-06-01 16:17:42,996 - Finish: clean chroot
2017-06-01 16:17:42,997 - Finish: run
2017-06-01 16:17:48,058 - Mock Version: 1.3.4
2017-06-01 16:17:48,633 - Start: dnf update
2017-06-01 16:17:52,434 - Finish: dnf update
2017-06-01 16:17:52,458 - Finish: chroot init
2017-06-01 16:17:52,462 - Start: build phase for anaconda-26.2-0.1.20170601141534.fc27.src.rpm
2017-06-01 16:17:52,466 - Start: build setup for anaconda-26.2-0.1.20170601141534.fc27.src.rpm
2017-06-01 16:18:59,491 - Finish: build setup for anaconda-26.2-0.1.20170601141534.fc27.src.rpm
2017-06-01 16:18:59,492 - Start: rpmbuild anaconda-26.2-0.1.20170601141534.fc27.src.rpm
2017-06-01 16:20:05,229 - Finish: rpmbuild anaconda-26.2-0.1.20170601141534.fc27.src.rpm
2017-06-01 16:20:05,235 - Finish: build phase for anaconda-26.2-0.1.20170601141534.fc27.src.rpm
2017-06-01 16:20:05,237 - Start: clean chroot
2017-06-01 16:20:16,942 - Finish: clean chroot
2017-06-01 16:20:16,943 - Finish: run
2017-06-05 15:00:17,078 - Mock Version: 1.3.4
2017-06-05 15:00:17,214 - Start: dnf install
2017-06-05 15:01:03,770 - Finish: dnf install
2017-06-05 15:01:04,898 - Start: creating root cache
2017-06-05 15:01:13,206 - Finish: creating root cache
2017-06-05 15:01:13,209 - Finish: chroot init
2017-06-05 15:01:13,281 - Start: buildsrpm
2017-06-05 15:01:16,293 - Start: rpmbuild -bs
2017-06-05 15:01:16,455 - Finish: rpmbuild -bs
2017-06-05 15:01:16,461 - Finish: buildsrpm
2017-06-05 15:01:16,462 - Start: clean chroot
2017-06-05 15:01:20,935 - Finish: clean chroot
2017-06-05 15:01:20,936 - Finish: run
2017-06-05 15:01:27,029 - Mock Version: 1.3.4
2017-06-05 15:01:27,521 - Start: dnf update
2017-06-05 15:01:30,221 - Finish: dnf update
2017-06-05 15:01:30,242 - Finish: chroot init
2017-06-05 15:01:30,245 - Start: build phase for anaconda-26.2-0.1.20170601141534.fc27.src.rpm
2017-06-05 15:01:30,249 - Start: build setup for anaconda-26.2-0.1.20170601141534.fc27.src.rpm
2017-06-05 15:02:33,342 - Finish: build setup for anaconda-26.2-0.1.20170601141534.fc27.src.rpm
2017-06-05 15:02:33,343 - Start: rpmbuild anaconda-26.2-0.1.20170601141534.fc27.src.rpm
2017-06-05 15:03:32,052 - Finish: rpmbuild anaconda-26.2-0.1.20170601141534.fc27.src.rpm
2017-06-05 15:03:32,055 - Finish: build phase for anaconda-26.2-0.1.20170601141534.fc27.src.rpm
2017-06-05 15:03:32,056 - Start: clean chroot
2017-06-05 15:03:40,428 - Finish: clean chroot
2017-06-05 15:03:40,434 - Start: chroot init
2017-06-05 15:03:40,456 - Start: unpacking root cache
2017-06-05 15:03:42,808 - Finish: unpacking root cache
2017-06-05 15:03:42,813 - Start: cleaning dnf metadata
2017-06-05 15:03:42,817 - Finish: cleaning dnf metadata
2017-06-05 15:03:43,360 - Start: dnf update
2017-06-05 15:03:45,850 - Finish: dnf update
2017-06-05 15:03:45,871 - Finish: chroot init
2017-06-05 15:03:45,874 - Start: build phase for anaconda-26.2-0.1.20170605125919.fc27.src.rpm
2017-06-05 15:03:45,878 - Start: build setup for anaconda-26.2-0.1.20170605125919.fc27.src.rpm
2017-06-05 15:04:42,679 - Finish: build setup for anaconda-26.2-0.1.20170605125919.fc27.src.rpm
2017-06-05 15:04:42,679 - Start: rpmbuild anaconda-26.2-0.1.20170605125919.fc27.src.rpm
2017-06-05 15:05:40,903 - Finish: rpmbuild anaconda-26.2-0.1.20170605125919.fc27.src.rpm
2017-06-05 15:05:40,905 - Finish: build phase for anaconda-26.2-0.1.20170605125919.fc27.src.rpm
2017-06-05 15:05:40,906 - Start: clean chroot
2017-06-05 15:05:49,059 - Finish: clean chroot
2017-06-05 15:05:49,060 - Finish: run
